TN:
SF:src/lib/logging.ts
FN:26,(anonymous_0)
FN:62,setLoggingMode
FN:85,getLogLevel
FN:97,parseFastMcpMessage
FN:140,(anonymous_4)
FN:144,(anonymous_5)
FN:148,(anonymous_6)
FN:152,(anonymous_7)
FN:156,(anonymous_8)
FN:171,(anonymous_9)
FNF:10
FNH:9
FNDA:62,(anonymous_0)
FNDA:2,setLoggingMode
FNDA:1,getLogLevel
FNDA:10,parseFastMcpMessage
FNDA:1,(anonymous_4)
FNDA:1,(anonymous_5)
FNDA:1,(anonymous_6)
FNDA:1,(anonymous_7)
FNDA:1,(anonymous_8)
FNDA:0,(anonymous_9)
DA:18,5
DA:24,5
DA:27,62
DA:30,62
DA:37,62
DA:38,57
DA:41,62
DA:48,5
DA:63,2
DA:65,2
DA:67,1
DA:74,1
DA:86,1
DA:102,10
DA:105,10
DA:106,10
DA:107,1
DA:119,9
DA:120,9
DA:121,1
DA:132,8
DA:139,5
DA:141,1
DA:142,1
DA:145,1
DA:146,1
DA:149,1
DA:150,1
DA:153,1
DA:154,1
DA:157,1
DA:158,1
DA:170,5
DA:171,5
DA:173,0
DA:175,0
DA:177,0
DA:178,0
DA:182,0
LF:39
LH:34
BRDA:18,0,0,5
BRDA:18,0,1,0
BRDA:37,1,0,57
BRDA:65,2,0,1
BRDA:65,2,1,1
BRDA:106,3,0,1
BRDA:120,4,0,1
BRDA:175,5,0,0
BRF:8
BRH:6
end_of_record
TN:
SF:src/tools/elasticsearch/index.ts
FNF:0
FNH:0
DA:23,0
LF:1
LH:0
BRF:0
BRH:0
end_of_record
TN:
SF:src/tools/elasticsearch/apm/client.ts
FN:24,(anonymous_0)
FN:32,(anonymous_1)
FN:43,(anonymous_2)
FN:50,(anonymous_3)
FN:72,(anonymous_4)
FN:78,(anonymous_5)
FN:121,(anonymous_6)
FN:142,(anonymous_7)
FN:178,(anonymous_8)
FN:198,(anonymous_9)
FN:235,(anonymous_10)
FN:260,(anonymous_11)
FN:318,(anonymous_12)
FN:375,isExpired
FN:380,getConnectionFingerprint
FN:385,evictLRUIfNeeded
FN:403,getApmPoolStats
FN:411,clearApmPool
FN:415,createApmClient
FNF:19
FNH:19
FNDA:30,(anonymous_0)
FNDA:17,(anonymous_1)
FNDA:2,(anonymous_2)
FNDA:3,(anonymous_3)
FNDA:5,(anonymous_4)
FNDA:3,(anonymous_5)
FNDA:2,(anonymous_6)
FNDA:2,(anonymous_7)
FNDA:2,(anonymous_8)
FNDA:2,(anonymous_9)
FNDA:4,(anonymous_10)
FNDA:2,(anonymous_11)
FNDA:3,(anonymous_12)
FNDA:1,isExpired
FNDA:29,getConnectionFingerprint
FNDA:28,evictLRUIfNeeded
FNDA:6,getApmPoolStats
FNDA:40,clearApmPool
FNDA:29,createApmClient
DA:25,30
DA:26,30
DA:33,17
DA:37,17
DA:44,2
DA:51,3
DA:70,3
DA:71,3
DA:72,5
DA:93,3
DA:99,3
DA:100,1
DA:103,3
DA:120,3
DA:121,3
DA:122,2
DA:123,2
DA:124,2
DA:125,2
DA:127,2
DA:155,2
DA:177,2
DA:178,2
DA:179,2
DA:180,2
DA:181,2
DA:182,2
DA:184,2
DA:208,2
DA:234,2
DA:235,2
DA:236,4
DA:237,4
DA:238,4
DA:239,4
DA:240,4
DA:241,4
DA:242,4
DA:244,4
DA:273,2
DA:279,2
DA:280,0
DA:283,2
DA:301,2
DA:302,2
DA:303,2
DA:305,2
DA:327,3
DA:354,3
DA:355,3
DA:356,3
DA:358,3
DA:370,2
DA:371,2
DA:373,2
DA:376,1
DA:377,1
DA:382,29
DA:386,28
DA:388,0
DA:389,0
DA:391,0
DA:392,0
DA:393,0
DA:394,0
DA:398,0
DA:399,0
DA:404,6
DA:412,40
DA:416,29
DA:417,29
DA:419,29
DA:420,1
DA:421,0
DA:423,1
DA:424,1
DA:428,28
DA:430,28
DA:432,28
DA:433,28
DA:435,28
LF:81
LH:71
BRDA:24,0,0,1
BRDA:26,1,0,30
BRDA:26,1,1,26
BRDA:50,2,0,0
BRDA:71,3,0,3
BRDA:71,3,1,0
BRDA:81,4,0,0
BRDA:83,5,0,3
BRDA:99,6,0,1
BRDA:128,7,0,2
BRDA:128,7,1,0
BRDA:129,8,0,2
BRDA:129,8,1,0
BRDA:130,9,0,2
BRDA:130,9,1,0
BRDA:131,10,0,2
BRDA:131,10,1,0
BRDA:132,11,0,2
BRDA:132,11,1,0
BRDA:133,12,0,2
BRDA:133,12,1,0
BRDA:134,13,0,2
BRDA:134,13,1,0
BRDA:145,14,0,0
BRDA:146,15,0,2
BRDA:185,16,0,2
BRDA:185,16,1,0
BRDA:186,17,0,2
BRDA:186,17,1,0
BRDA:187,18,0,2
BRDA:187,18,1,0
BRDA:188,19,0,2
BRDA:188,19,1,0
BRDA:189,20,0,2
BRDA:189,20,1,0
BRDA:190,21,0,2
BRDA:190,21,1,0
BRDA:245,22,0,4
BRDA:245,22,1,1
BRDA:245,22,2,0
BRDA:246,23,0,1
BRDA:246,23,1,3
BRDA:247,24,0,4
BRDA:247,24,1,1
BRDA:247,24,2,0
BRDA:248,25,0,4
BRDA:248,25,1,1
BRDA:248,25,2,0
BRDA:249,26,0,1
BRDA:249,26,1,3
BRDA:250,27,0,4
BRDA:250,27,1,1
BRDA:250,27,2,0
BRDA:251,28,0,4
BRDA:251,28,1,0
BRDA:252,29,0,4
BRDA:252,29,1,0
BRDA:263,30,0,0
BRDA:279,31,0,0
BRDA:306,32,0,2
BRDA:306,32,1,0
BRDA:307,33,0,2
BRDA:307,33,1,0
BRDA:308,34,0,2
BRDA:308,34,1,0
BRDA:309,35,0,2
BRDA:309,35,1,0
BRDA:310,36,0,2
BRDA:310,36,1,0
BRDA:311,37,0,2
BRDA:311,37,1,0
BRDA:321,38,0,0
BRDA:355,39,0,3
BRDA:355,39,1,1
BRDA:356,40,0,3
BRDA:356,40,1,1
BRDA:361,41,0,2
BRDA:361,41,1,1
BRDA:370,42,0,2
BRDA:370,42,1,2
BRDA:371,43,0,2
BRDA:371,43,1,2
BRDA:376,44,0,0
BRDA:382,45,0,29
BRDA:382,45,1,26
BRDA:386,46,0,28
BRDA:392,47,0,0
BRDA:398,48,0,0
BRDA:419,49,0,1
BRDA:420,50,0,0
BRDA:420,50,1,1
BRF:91
BRH:55
end_of_record
TN:
SF:src/tools/elasticsearch/apm/schema.ts
FNF:0
FNH:0
DA:16,3
DA:24,3
DA:39,3
LF:3
LH:3
BRDA:17,0,0,3
BRDA:17,0,1,0
BRF:2
BRH:1
end_of_record
TN:
SF:src/tools/elasticsearch/apm/tools.ts
FN:70,(anonymous_0)
FN:113,(anonymous_1)
FN:139,(anonymous_2)
FN:172,(anonymous_3)
FN:204,(anonymous_4)
FN:213,(anonymous_5)
FN:228,(anonymous_6)
FN:266,(anonymous_7)
FN:298,(anonymous_8)
FN:306,(anonymous_9)
FNF:10
FNH:10
FNDA:2,(anonymous_0)
FNDA:1,(anonymous_1)
FNDA:1,(anonymous_2)
FNDA:1,(anonymous_3)
FNDA:1,(anonymous_4)
FNDA:2,(anonymous_5)
FNDA:1,(anonymous_6)
FNDA:1,(anonymous_7)
FNDA:2,(anonymous_8)
FNDA:1,(anonymous_9)
DA:11,1
DA:17,1
DA:19,1
DA:24,1
DA:32,1
DA:39,1
DA:44,1
DA:51,1
DA:57,1
DA:66,1
DA:71,2
DA:73,2
DA:74,2
DA:75,2
DA:77,2
DA:78,1
DA:88,1
DA:97,0
DA:109,1
DA:114,1
DA:115,1
DA:116,1
DA:118,1
DA:127,0
DA:128,0
DA:130,0
DA:135,1
DA:140,1
DA:141,1
DA:142,1
DA:150,1
DA:160,0
DA:161,0
DA:163,0
DA:168,1
DA:173,1
DA:174,1
DA:175,1
DA:182,1
DA:192,0
DA:193,0
DA:195,0
DA:200,1
DA:205,1
DA:206,1
DA:207,1
DA:209,1
DA:213,2
DA:216,0
DA:217,0
DA:219,0
DA:224,1
DA:229,1
DA:230,1
DA:231,1
DA:238,1
DA:254,0
DA:255,0
DA:257,0
DA:262,1
DA:267,1
DA:268,1
DA:269,1
DA:275,1
DA:286,0
DA:287,0
DA:289,0
DA:294,1
DA:299,2
DA:300,2
DA:301,2
DA:302,1
DA:304,1
DA:306,1
DA:314,1
DA:315,1
DA:317,0
DA:318,0
DA:320,0
DA:328,1
LF:80
LH:58
BRDA:77,0,0,1
BRDA:103,1,0,0
BRDA:103,1,1,0
BRDA:127,2,0,0
BRDA:160,3,0,0
BRDA:192,4,0,0
BRDA:216,5,0,0
BRDA:254,6,0,0
BRDA:286,7,0,0
BRDA:314,8,0,1
BRDA:317,9,0,0
BRF:11
BRH:2
end_of_record
TN:
SF:src/tools/elasticsearch/common/client.ts
FN:48,getCircuitBreaker
FN:62,recordSuccess
FN:81,recordFailure
FN:98,canRequest
FN:127,getCircuitBreakerStats
FN:138,resetCircuitBreaker
FN:151,(anonymous_6)
FN:162,(anonymous_7)
FN:169,(anonymous_8)
FN:219,(anonymous_9)
FN:251,(anonymous_10)
FN:267,(anonymous_11)
FN:330,(anonymous_12)
FN:349,(anonymous_13)
FN:371,(anonymous_14)
FN:378,(anonymous_15)
FNF:16
FNH:14
FNDA:116,getCircuitBreaker
FNDA:54,recordSuccess
FNDA:2,recordFailure
FNDA:56,canRequest
FNDA:3,getCircuitBreakerStats
FNDA:98,resetCircuitBreaker
FNDA:6,(anonymous_6)
FNDA:1,(anonymous_7)
FNDA:1,(anonymous_8)
FNDA:64,(anonymous_9)
FNDA:56,(anonymous_10)
FNDA:0,(anonymous_11)
FNDA:0,(anonymous_12)
FNDA:4,(anonymous_13)
FNDA:48,(anonymous_14)
FNDA:4,(anonymous_15)
DA:17,6
DA:22,6
DA:46,6
DA:49,116
DA:50,116
DA:51,50
DA:57,50
DA:59,116
DA:63,54
DA:65,54
DA:66,0
DA:67,0
DA:69,0
DA:70,0
DA:71,0
DA:72,0
DA:73,0
DA:75,54
DA:77,54
DA:82,2
DA:83,2
DA:84,2
DA:85,2
DA:86,2
DA:88,2
DA:90,0
DA:91,0
DA:92,2
DA:93,0
DA:94,0
DA:99,56
DA:101,56
DA:102,56
DA:105,0
DA:106,0
DA:107,0
DA:109,0
DA:110,0
DA:111,0
DA:112,0
DA:114,0
DA:121,0
DA:128,3
DA:129,3
DA:130,0
DA:132,3
DA:139,98
DA:140,1
DA:142,97
DA:153,6
DA:154,6
DA:156,6
DA:157,6
DA:163,1
DA:164,1
DA:170,1
DA:171,1
DA:220,64
DA:221,64
DA:222,64
DA:223,64
DA:225,64
DA:226,1
DA:231,63
DA:232,63
DA:233,63
DA:238,63
DA:241,63
DA:244,63
DA:245,0
DA:246,0
DA:247,0
DA:258,56
DA:259,56
DA:260,0
DA:263,56
DA:266,56
DA:267,56
DA:269,56
DA:275,56
DA:276,48
DA:280,56
DA:281,56
DA:283,56
DA:284,56
DA:285,56
DA:286,56
DA:288,56
DA:289,2
DA:290,2
DA:291,2
DA:292,2
DA:293,2
DA:295,0
DA:299,2
DA:300,2
DA:303,2
DA:307,54
DA:308,54
DA:311,2
DA:312,0
DA:313,0
DA:314,0
DA:317,2
DA:318,2
DA:321,0
DA:322,0
DA:325,0
DA:326,0
DA:328,0
DA:329,0
DA:330,0
DA:332,0
DA:333,0
DA:338,0
DA:342,56
DA:350,4
DA:352,4
DA:353,4
DA:354,2
DA:360,2
DA:372,48
DA:379,4
LF:123
LH:84
BRDA:17,0,0,6
BRDA:17,0,1,6
BRDA:24,1,0,6
BRDA:24,1,1,6
BRDA:26,2,0,6
BRDA:26,2,1,6
BRDA:28,3,0,6
BRDA:28,3,1,6
BRDA:50,4,0,50
BRDA:65,5,0,0
BRDA:65,5,1,54
BRDA:67,6,0,0
BRDA:75,7,0,54
BRDA:88,8,0,0
BRDA:88,8,1,2
BRDA:92,9,0,0
BRDA:92,10,0,2
BRDA:92,10,1,2
BRDA:101,11,0,56
BRDA:105,12,0,0
BRDA:107,13,0,0
BRDA:139,14,0,1
BRDA:139,14,1,97
BRDA:225,15,0,1
BRDA:238,16,0,63
BRDA:238,16,1,0
BRDA:241,17,0,0
BRDA:241,17,1,63
BRDA:245,18,0,0
BRDA:245,19,0,0
BRDA:245,19,1,0
BRDA:255,20,0,56
BRDA:259,21,0,0
BRDA:275,22,0,48
BRDA:288,23,0,2
BRDA:293,24,0,2
BRDA:293,24,1,0
BRDA:293,24,2,0
BRDA:295,25,0,0
BRDA:299,26,0,2
BRDA:311,27,0,0
BRDA:311,28,0,2
BRDA:311,28,1,2
BRDA:317,29,0,2
BRDA:321,30,0,0
BRDA:321,31,0,0
BRDA:321,31,1,0
BRDA:325,32,0,0
BRDA:325,32,1,0
BRDA:328,33,0,0
BRDA:328,33,1,0
BRDA:339,34,0,0
BRDA:339,34,1,0
BRDA:362,35,0,2
BRDA:362,35,1,0
BRF:55
BRH:29
end_of_record
TN:
SF:src/tools/elasticsearch/common/schema.ts
FNF:0
FNH:0
DA:20,9
DA:31,9
DA:36,9
DA:50,9
LF:4
LH:4
BRF:0
BRH:0
end_of_record
TN:
SF:src/tools/elasticsearch/logs/client.ts
FN:22,(anonymous_0)
FN:34,parseRelativeTime
FN:76,calculateTimeRangeHours
FN:86,validateTimeRange
FN:141,(anonymous_4)
FN:164,(anonymous_5)
FN:166,(anonymous_6)
FN:176,(anonymous_7)
FN:205,(anonymous_8)
FN:228,(anonymous_9)
FN:234,(anonymous_10)
FN:247,(anonymous_11)
FN:267,(anonymous_12)
FN:270,(anonymous_13)
FN:301,(anonymous_14)
FN:334,(anonymous_15)
FN:340,(anonymous_16)
FN:390,(anonymous_17)
FN:403,(anonymous_18)
FN:426,(anonymous_19)
FN:470,(anonymous_20)
FN:491,(anonymous_21)
FN:504,(anonymous_22)
FN:581,(anonymous_23)
FN:590,(anonymous_24)
FN:608,(anonymous_25)
FN:637,(anonymous_26)
FN:639,(anonymous_27)
FN:640,(anonymous_28)
FN:654,(anonymous_29)
FN:687,isExpired
FN:692,getConnectionFingerprint
FN:697,evictLRUIfNeeded
FN:715,getLogsPoolStats
FN:723,clearLogsPool
FN:727,createLogsClient
FNF:36
FNH:34
FNDA:2,(anonymous_0)
FNDA:44,parseRelativeTime
FNDA:22,calculateTimeRangeHours
FNDA:22,validateTimeRange
FNDA:33,(anonymous_4)
FNDA:13,(anonymous_5)
FNDA:66,(anonymous_6)
FNDA:6,(anonymous_7)
FNDA:13,(anonymous_8)
FNDA:13,(anonymous_9)
FNDA:2,(anonymous_10)
FNDA:4,(anonymous_11)
FNDA:13,(anonymous_12)
FNDA:6,(anonymous_13)
FNDA:4,(anonymous_14)
FNDA:26,(anonymous_15)
FNDA:6,(anonymous_16)
FNDA:102,(anonymous_17)
FNDA:0,(anonymous_18)
FNDA:4,(anonymous_19)
FNDA:1,(anonymous_20)
FNDA:1,(anonymous_21)
FNDA:8,(anonymous_22)
FNDA:13,(anonymous_23)
FNDA:0,(anonymous_24)
FNDA:2,(anonymous_25)
FNDA:16,(anonymous_26)
FNDA:4,(anonymous_27)
FNDA:4,(anonymous_28)
FNDA:6,(anonymous_29)
FNDA:1,isExpired
FNDA:34,getConnectionFingerprint
FNDA:33,evictLRUIfNeeded
FNDA:5,getLogsPoolStats
FNDA:47,clearLogsPool
FNDA:34,createLogsClient
DA:23,2
DA:24,2
DA:26,2
DA:27,2
DA:35,44
DA:36,18
DA:40,26
DA:41,0
DA:45,26
DA:46,26
DA:48,0
DA:49,0
DA:50,0
DA:53,0
DA:56,26
DA:57,26
DA:59,26
DA:69,26
DA:70,26
DA:77,22
DA:78,22
DA:79,22
DA:80,22
DA:87,22
DA:89,22
DA:90,1
DA:96,1
DA:142,33
DA:143,33
DA:144,33
DA:145,33
DA:151,2
DA:165,13
DA:166,13
DA:167,66
DA:177,6
DA:180,6
DA:203,6
DA:205,6
DA:207,13
DA:208,13
DA:209,13
DA:212,13
DA:213,13
DA:214,2
DA:215,11
DA:216,1
DA:219,13
DA:228,13
DA:231,6
DA:232,2
DA:233,2
DA:235,2
DA:240,6
DA:241,6
DA:248,4
DA:250,4
DA:251,4
DA:254,4
DA:255,4
DA:256,4
DA:260,4
DA:261,4
DA:262,12
DA:263,12
DA:267,13
DA:275,6
DA:276,14
DA:278,14
DA:279,12
DA:288,14
DA:289,2
DA:309,4
DA:311,3
DA:313,3
DA:332,3
DA:333,3
DA:334,26
DA:349,6
DA:351,6
DA:358,6
DA:360,6
DA:365,6
DA:366,1
DA:374,6
DA:383,6
DA:384,0
DA:387,6
DA:389,6
DA:390,102
DA:408,0
DA:411,0
DA:420,0
DA:432,4
DA:435,4
DA:441,4
DA:443,4
DA:444,2
DA:447,2
DA:448,2
DA:449,2
DA:457,2
DA:469,2
DA:470,2
DA:478,2
DA:490,2
DA:491,2
DA:498,2
DA:516,8
DA:517,8
DA:519,8
DA:525,8
DA:527,8
DA:531,8
DA:532,0
DA:541,8
DA:551,8
DA:554,8
DA:555,1
DA:564,8
DA:565,1
DA:570,8
DA:578,8
DA:579,8
DA:581,8
DA:582,13
DA:588,13
DA:589,0
DA:590,0
DA:597,13
DA:598,0
DA:601,13
DA:624,2
DA:625,2
DA:626,2
DA:628,2
DA:631,2
DA:637,16
DA:639,4
DA:640,4
DA:643,2
DA:644,2
DA:646,2
DA:647,4
DA:649,2
DA:650,4
DA:654,2
DA:655,6
DA:656,6
DA:657,6
DA:658,6
DA:661,2
DA:662,2
DA:663,2
DA:664,4
DA:667,2
DA:682,2
DA:683,2
DA:685,2
DA:688,1
DA:689,1
DA:694,34
DA:698,33
DA:700,0
DA:701,0
DA:703,0
DA:704,0
DA:705,0
DA:706,0
DA:710,0
DA:711,0
DA:716,5
DA:724,47
DA:728,34
DA:729,34
DA:731,34
DA:732,1
DA:733,0
DA:735,1
DA:736,1
DA:740,33
DA:742,33
DA:744,33
DA:745,33
DA:747,33
LF:185
LH:163
BRDA:35,0,0,18
BRDA:40,1,0,0
BRDA:40,2,0,26
BRDA:40,2,1,26
BRDA:46,3,0,0
BRDA:49,4,0,0
BRDA:69,5,0,26
BRDA:69,5,1,0
BRDA:89,6,0,1
BRDA:209,7,0,13
BRDA:209,7,1,1
BRDA:213,8,0,2
BRDA:213,8,1,11
BRDA:215,9,0,1
BRDA:221,10,0,13
BRDA:221,10,1,0
BRDA:222,11,0,2
BRDA:222,11,1,11
BRDA:223,12,0,5
BRDA:223,12,1,8
BRDA:228,13,0,13
BRDA:228,13,1,13
BRDA:231,14,0,2
BRDA:235,15,0,2
BRDA:235,15,1,0
BRDA:235,15,2,0
BRDA:255,16,0,4
BRDA:255,16,1,0
BRDA:262,17,0,12
BRDA:276,18,0,2
BRDA:276,18,1,12
BRDA:278,19,0,12
BRDA:288,20,0,2
BRDA:306,21,0,2
BRDA:333,22,0,3
BRDA:333,22,1,0
BRDA:346,23,0,4
BRDA:365,24,0,1
BRDA:383,25,0,0
BRDA:383,26,0,6
BRDA:383,26,1,0
BRDA:393,27,0,102
BRDA:393,27,1,0
BRDA:406,28,0,0
BRDA:429,29,0,3
BRDA:430,30,0,3
BRDA:443,31,0,2
BRDA:452,32,0,2
BRDA:452,32,1,0
BRDA:473,33,0,1
BRDA:473,33,1,0
BRDA:494,34,0,1
BRDA:494,34,1,0
BRDA:511,35,0,2
BRDA:513,36,0,4
BRDA:531,37,0,0
BRDA:554,38,0,1
BRDA:564,39,0,1
BRDA:564,40,0,8
BRDA:564,40,1,1
BRDA:579,41,0,8
BRDA:579,41,1,0
BRDA:588,42,0,0
BRDA:597,43,0,0
BRDA:616,44,0,1
BRDA:637,45,0,16
BRDA:637,45,1,0
BRDA:637,46,0,0
BRDA:637,46,1,0
BRDA:655,47,0,0
BRDA:655,48,0,0
BRDA:655,48,1,0
BRDA:657,49,0,6
BRDA:657,49,1,0
BRDA:664,50,0,4
BRDA:664,50,1,0
BRDA:664,51,0,4
BRDA:664,51,1,0
BRDA:682,52,0,2
BRDA:682,52,1,2
BRDA:683,53,0,2
BRDA:683,53,1,2
BRDA:688,54,0,0
BRDA:698,55,0,33
BRDA:704,56,0,0
BRDA:710,57,0,0
BRDA:731,58,0,1
BRDA:732,59,0,0
BRDA:732,59,1,1
BRF:89
BRH:56
end_of_record
TN:
SF:src/tools/elasticsearch/logs/schema.ts
FNF:0
FNH:0
DA:16,3
DA:27,3
DA:37,3
DA:46,3
DA:56,3
DA:66,3
DA:74,3
LF:7
LH:7
BRDA:18,0,0,3
BRDA:18,0,1,0
BRDA:19,1,0,3
BRDA:19,1,1,0
BRDA:20,2,0,3
BRDA:20,2,1,0
BRF:6
BRH:3
end_of_record
TN:
SF:src/tools/elasticsearch/logs/tools.ts
FN:93,(anonymous_0)
FN:99,(anonymous_1)
FN:121,(anonymous_2)
FN:135,(anonymous_3)
FN:140,(anonymous_4)
FN:161,(anonymous_5)
FN:205,(anonymous_6)
FN:250,(anonymous_7)
FN:287,(anonymous_8)
FN:344,(anonymous_9)
FNF:10
FNH:10
FNDA:2,(anonymous_0)
FNDA:3,(anonymous_1)
FNDA:2,(anonymous_2)
FNDA:4,(anonymous_3)
FNDA:4,(anonymous_4)
FNDA:2,(anonymous_5)
FNDA:2,(anonymous_6)
FNDA:2,(anonymous_7)
FNDA:2,(anonymous_8)
FNDA:2,(anonymous_9)
DA:23,1
DA:28,1
DA:35,1
DA:43,1
DA:52,1
DA:60,1
DA:72,1
DA:89,1
DA:94,2
DA:95,2
DA:96,2
DA:98,2
DA:99,3
DA:109,0
DA:110,0
DA:112,0
DA:117,1
DA:122,2
DA:123,2
DA:124,2
DA:127,2
DA:128,1
DA:134,1
DA:135,4
DA:138,2
DA:140,4
DA:149,0
DA:150,0
DA:152,0
DA:157,1
DA:162,2
DA:163,2
DA:164,2
DA:165,2
DA:173,2
DA:175,2
DA:187,2
DA:188,1
DA:191,2
DA:193,0
DA:194,0
DA:196,0
DA:201,1
DA:206,2
DA:207,2
DA:208,2
DA:217,2
DA:218,2
DA:232,2
DA:233,2
DA:236,2
DA:238,0
DA:239,0
DA:241,0
DA:246,1
DA:251,2
DA:252,2
DA:253,2
DA:260,2
DA:261,1
DA:266,1
DA:275,0
DA:276,0
DA:278,0
DA:283,1
DA:288,2
DA:290,2
DA:291,1
DA:294,1
DA:295,1
DA:307,1
DA:308,1
DA:310,1
DA:326,1
DA:327,0
DA:330,1
DA:332,1
DA:333,0
DA:335,1
DA:340,1
DA:345,2
DA:346,2
DA:347,1
DA:350,1
DA:351,1
DA:363,1
DA:379,1
DA:380,0
DA:382,1
DA:390,1
LF:90
LH:72
BRDA:106,0,0,2
BRDA:106,0,1,1
BRDA:109,1,0,0
BRDA:127,2,0,1
BRDA:127,3,0,2
BRDA:127,3,1,1
BRDA:134,4,0,1
BRDA:134,4,1,0
BRDA:149,5,0,0
BRDA:164,6,0,2
BRDA:164,6,1,1
BRDA:187,7,0,1
BRDA:193,8,0,0
BRDA:220,9,0,2
BRDA:220,9,1,2
BRDA:232,10,0,2
BRDA:238,11,0,0
BRDA:260,12,0,1
BRDA:275,13,0,0
BRDA:290,14,0,1
BRDA:290,15,0,2
BRDA:290,15,1,1
BRDA:307,16,0,1
BRDA:307,16,1,1
BRDA:314,17,0,1
BRDA:314,17,1,1
BRDA:315,18,0,1
BRDA:315,18,1,1
BRDA:316,19,0,1
BRDA:316,19,1,1
BRDA:326,20,0,0
BRDA:332,21,0,0
BRDA:346,22,0,1
BRDA:346,23,0,2
BRDA:346,23,1,1
BRDA:367,24,0,1
BRDA:367,24,1,1
BRDA:379,25,0,0
BRF:38
BRH:29
end_of_record
